{"/Users/matthewshepard/nscdev/cheesefist/index.js":{"path":"/Users/matthewshepard/nscdev/cheesefist/index.js","s":{"1":1,"2":1,"3":1,"4":1,"5":1,"6":0,"7":0,"8":0,"9":1,"10":4,"11":0,"12":4,"13":0,"14":4,"15":1,"16":1,"17":0,"18":1,"19":1,"20":4,"21":0,"22":0,"23":1},"b":{"1":[0,4],"2":[0,4],"3":[0,1],"4":[1,0],"5":[0,0]},"f":{"1":0,"2":0,"3":4,"4":1,"5":4},"fnMap":{"1":{"name":"defaultWrapper","line":8,"loc":{"start":{"line":8,"column":0},"end":{"line":8,"column":41}}},"2":{"name":"(anonymous_2)","line":10,"loc":{"start":{"line":10,"column":10},"end":{"line":10,"column":23}}},"3":{"name":"prepareArgs","line":15,"loc":{"start":{"line":15,"column":0},"end":{"line":15,"column":29}}},"4":{"name":"startTests","line":24,"loc":{"start":{"line":24,"column":0},"end":{"line":24,"column":50}}},"5":{"name":"(anonymous_5)","line":29,"loc":{"start":{"line":29,"column":24},"end":{"line":29,"column":41}}}},"statementMap":{"1":{"start":{"line":3,"column":0},"end":{"line":3,"column":26}},"2":{"start":{"line":4,"column":0},"end":{"line":4,"column":27}},"3":{"start":{"line":5,"column":0},"end":{"line":5,"column":45}},"4":{"start":{"line":6,"column":0},"end":{"line":6,"column":53}},"5":{"start":{"line":8,"column":0},"end":{"line":13,"column":1}},"6":{"start":{"line":9,"column":2},"end":{"line":9,"column":55}},"7":{"start":{"line":10,"column":2},"end":{"line":12,"column":5}},"8":{"start":{"line":11,"column":4},"end":{"line":11,"column":38}},"9":{"start":{"line":15,"column":0},"end":{"line":22,"column":1}},"10":{"start":{"line":16,"column":2},"end":{"line":20,"column":3}},"11":{"start":{"line":17,"column":4},"end":{"line":17,"column":38}},"12":{"start":{"line":18,"column":8},"end":{"line":20,"column":3}},"13":{"start":{"line":19,"column":4},"end":{"line":19,"column":40}},"14":{"start":{"line":21,"column":2},"end":{"line":21,"column":28}},"15":{"start":{"line":24,"column":0},"end":{"line":35,"column":1}},"16":{"start":{"line":25,"column":2},"end":{"line":27,"column":3}},"17":{"start":{"line":26,"column":4},"end":{"line":26,"column":33}},"18":{"start":{"line":28,"column":2},"end":{"line":34,"column":3}},"19":{"start":{"line":29,"column":4},"end":{"line":31,"column":7}},"20":{"start":{"line":30,"column":6},"end":{"line":30,"column":85}},"21":{"start":{"line":32,"column":8},"end":{"line":34,"column":3}},"22":{"start":{"line":33,"column":4},"end":{"line":33,"column":85}},"23":{"start":{"line":37,"column":0},"end":{"line":37,"column":28}}},"branchMap":{"1":{"line":16,"type":"if","locations":[{"start":{"line":16,"column":2},"end":{"line":16,"column":2}},{"start":{"line":16,"column":2},"end":{"line":16,"column":2}}]},"2":{"line":18,"type":"if","locations":[{"start":{"line":18,"column":8},"end":{"line":18,"column":8}},{"start":{"line":18,"column":8},"end":{"line":18,"column":8}}]},"3":{"line":25,"type":"if","locations":[{"start":{"line":25,"column":2},"end":{"line":25,"column":2}},{"start":{"line":25,"column":2},"end":{"line":25,"column":2}}]},"4":{"line":28,"type":"if","locations":[{"start":{"line":28,"column":2},"end":{"line":28,"column":2}},{"start":{"line":28,"column":2},"end":{"line":28,"column":2}}]},"5":{"line":32,"type":"if","locations":[{"start":{"line":32,"column":8},"end":{"line":32,"column":8}},{"start":{"line":32,"column":8},"end":{"line":32,"column":8}}]}}},"/Users/matthewshepard/nscdev/cheesefist/lib/testRunner.js":{"path":"/Users/matthewshepard/nscdev/cheesefist/lib/testRunner.js","s":{"1":1,"2":1,"3":1,"4":1,"5":1,"6":1,"7":1,"8":1,"9":1,"10":1,"11":1,"12":1,"13":5,"14":5,"15":5,"16":1,"17":1,"18":4,"19":4,"20":5,"21":0,"22":0,"23":5,"24":5,"25":0,"26":5,"27":1,"28":5,"29":5,"30":5,"31":5,"32":4,"33":5,"34":5,"35":5,"36":5,"37":5,"38":0,"39":0,"40":0,"41":0,"42":0,"43":0,"44":0,"45":1,"46":5,"47":5,"48":0,"49":0,"50":5,"51":1,"52":5,"53":5,"54":0,"55":0,"56":0,"57":0,"58":5,"59":0,"60":0,"61":5,"62":1,"63":1},"b":{"1":[5,4],"2":[1,4],"3":[4,0],"4":[0,5],"5":[5,0],"6":[4,1],"7":[5,0],"8":[0,0],"9":[0,5],"10":[1,4]},"f":{"1":5,"2":0,"3":5,"4":5,"5":5,"6":5,"7":5,"8":0,"9":5,"10":5,"11":0,"12":0},"fnMap":{"1":{"name":"createHistory","line":17,"loc":{"start":{"line":17,"column":0},"end":{"line":17,"column":41}}},"2":{"name":"(anonymous_2)","line":30,"loc":{"start":{"line":30,"column":27},"end":{"line":30,"column":43}}},"3":{"name":"runTest","line":41,"loc":{"start":{"line":41,"column":0},"end":{"line":41,"column":42}}},"4":{"name":"(anonymous_4)","line":42,"loc":{"start":{"line":42,"column":22},"end":{"line":42,"column":47}}},"5":{"name":"(anonymous_5)","line":54,"loc":{"start":{"line":54,"column":27},"end":{"line":54,"column":40}}},"6":{"name":"test","line":74,"loc":{"start":{"line":74,"column":0},"end":{"line":74,"column":67}}},"7":{"name":"(anonymous_7)","line":76,"loc":{"start":{"line":76,"column":9},"end":{"line":76,"column":26}}},"8":{"name":"(anonymous_8)","line":79,"loc":{"start":{"line":79,"column":15},"end":{"line":79,"column":28}}},"9":{"name":"testRunner","line":86,"loc":{"start":{"line":86,"column":0},"end":{"line":86,"column":65}}},"10":{"name":"(anonymous_10)","line":87,"loc":{"start":{"line":87,"column":36},"end":{"line":87,"column":61}}},"11":{"name":"(anonymous_11)","line":91,"loc":{"start":{"line":91,"column":15},"end":{"line":91,"column":28}}},"12":{"name":"(anonymous_12)","line":99,"loc":{"start":{"line":99,"column":32},"end":{"line":99,"column":49}}}},"statementMap":{"1":{"start":{"line":3,"column":0},"end":{"line":3,"column":26}},"2":{"start":{"line":4,"column":0},"end":{"line":4,"column":27}},"3":{"start":{"line":5,"column":0},"end":{"line":5,"column":27}},"4":{"start":{"line":6,"column":0},"end":{"line":6,"column":27}},"5":{"start":{"line":7,"column":0},"end":{"line":7,"column":34}},"6":{"start":{"line":8,"column":0},"end":{"line":8,"column":37}},"7":{"start":{"line":9,"column":0},"end":{"line":9,"column":39}},"8":{"start":{"line":10,"column":0},"end":{"line":10,"column":49}},"9":{"start":{"line":11,"column":0},"end":{"line":11,"column":49}},"10":{"start":{"line":13,"column":0},"end":{"line":13,"column":29}},"11":{"start":{"line":14,"column":0},"end":{"line":14,"column":25}},"12":{"start":{"line":17,"column":0},"end":{"line":39,"column":1}},"13":{"start":{"line":18,"column":2},"end":{"line":18,"column":41}},"14":{"start":{"line":19,"column":2},"end":{"line":22,"column":4}},"15":{"start":{"line":23,"column":2},"end":{"line":28,"column":3}},"16":{"start":{"line":24,"column":4},"end":{"line":24,"column":51}},"17":{"start":{"line":25,"column":4},"end":{"line":25,"column":66}},"18":{"start":{"line":26,"column":8},"end":{"line":28,"column":3}},"19":{"start":{"line":27,"column":4},"end":{"line":27,"column":64}},"20":{"start":{"line":29,"column":2},"end":{"line":37,"column":3}},"21":{"start":{"line":30,"column":4},"end":{"line":32,"column":7}},"22":{"start":{"line":31,"column":6},"end":{"line":31,"column":29}},"23":{"start":{"line":33,"column":8},"end":{"line":37,"column":3}},"24":{"start":{"line":34,"column":4},"end":{"line":34,"column":32}},"25":{"start":{"line":36,"column":4},"end":{"line":36,"column":23}},"26":{"start":{"line":38,"column":2},"end":{"line":38,"column":21}},"27":{"start":{"line":41,"column":0},"end":{"line":72,"column":1}},"28":{"start":{"line":42,"column":2},"end":{"line":71,"column":5}},"29":{"start":{"line":43,"column":4},"end":{"line":43,"column":54}},"30":{"start":{"line":44,"column":4},"end":{"line":50,"column":6}},"31":{"start":{"line":51,"column":4},"end":{"line":53,"column":5}},"32":{"start":{"line":52,"column":6},"end":{"line":52,"column":57}},"33":{"start":{"line":54,"column":4},"end":{"line":70,"column":7}},"34":{"start":{"line":55,"column":6},"end":{"line":69,"column":7}},"35":{"start":{"line":56,"column":8},"end":{"line":58,"column":9}},"36":{"start":{"line":57,"column":10},"end":{"line":57,"column":39}},"37":{"start":{"line":59,"column":8},"end":{"line":59,"column":52}},"38":{"start":{"line":61,"column":8},"end":{"line":61,"column":59}},"39":{"start":{"line":62,"column":8},"end":{"line":62,"column":49}},"40":{"start":{"line":63,"column":8},"end":{"line":65,"column":9}},"41":{"start":{"line":64,"column":10},"end":{"line":64,"column":49}},"42":{"start":{"line":66,"column":8},"end":{"line":66,"column":24}},"43":{"start":{"line":67,"column":8},"end":{"line":67,"column":38}},"44":{"start":{"line":68,"column":8},"end":{"line":68,"column":22}},"45":{"start":{"line":74,"column":0},"end":{"line":84,"column":1}},"46":{"start":{"line":75,"column":2},"end":{"line":82,"column":7}},"47":{"start":{"line":77,"column":6},"end":{"line":77,"column":23}},"48":{"start":{"line":80,"column":6},"end":{"line":80,"column":18}},"49":{"start":{"line":81,"column":6},"end":{"line":81,"column":30}},"50":{"start":{"line":83,"column":2},"end":{"line":83,"column":48}},"51":{"start":{"line":86,"column":0},"end":{"line":105,"column":1}},"52":{"start":{"line":87,"column":2},"end":{"line":97,"column":7}},"53":{"start":{"line":88,"column":4},"end":{"line":88,"column":112}},"54":{"start":{"line":93,"column":6},"end":{"line":93,"column":81}},"55":{"start":{"line":94,"column":6},"end":{"line":94,"column":32}},"56":{"start":{"line":95,"column":6},"end":{"line":95,"column":38}},"57":{"start":{"line":96,"column":6},"end":{"line":96,"column":38}},"58":{"start":{"line":98,"column":2},"end":{"line":104,"column":3}},"59":{"start":{"line":99,"column":4},"end":{"line":101,"column":7}},"60":{"start":{"line":100,"column":6},"end":{"line":100,"column":79}},"61":{"start":{"line":102,"column":8},"end":{"line":104,"column":3}},"62":{"start":{"line":103,"column":4},"end":{"line":103,"column":86}},"63":{"start":{"line":107,"column":0},"end":{"line":107,"column":28}}},"branchMap":{"1":{"line":21,"type":"binary-expr","locations":[{"start":{"line":21,"column":15},"end":{"line":21,"column":33}},{"start":{"line":21,"column":37},"end":{"line":21,"column":39}}]},"2":{"line":23,"type":"if","locations":[{"start":{"line":23,"column":2},"end":{"line":23,"column":2}},{"start":{"line":23,"column":2},"end":{"line":23,"column":2}}]},"3":{"line":26,"type":"if","locations":[{"start":{"line":26,"column":8},"end":{"line":26,"column":8}},{"start":{"line":26,"column":8},"end":{"line":26,"column":8}}]},"4":{"line":29,"type":"if","locations":[{"start":{"line":29,"column":2},"end":{"line":29,"column":2}},{"start":{"line":29,"column":2},"end":{"line":29,"column":2}}]},"5":{"line":33,"type":"if","locations":[{"start":{"line":33,"column":8},"end":{"line":33,"column":8}},{"start":{"line":33,"column":8},"end":{"line":33,"column":8}}]},"6":{"line":51,"type":"if","locations":[{"start":{"line":51,"column":4},"end":{"line":51,"column":4}},{"start":{"line":51,"column":4},"end":{"line":51,"column":4}}]},"7":{"line":56,"type":"if","locations":[{"start":{"line":56,"column":8},"end":{"line":56,"column":8}},{"start":{"line":56,"column":8},"end":{"line":56,"column":8}}]},"8":{"line":63,"type":"if","locations":[{"start":{"line":63,"column":8},"end":{"line":63,"column":8}},{"start":{"line":63,"column":8},"end":{"line":63,"column":8}}]},"9":{"line":98,"type":"if","locations":[{"start":{"line":98,"column":2},"end":{"line":98,"column":2}},{"start":{"line":98,"column":2},"end":{"line":98,"column":2}}]},"10":{"line":102,"type":"if","locations":[{"start":{"line":102,"column":8},"end":{"line":102,"column":8}},{"start":{"line":102,"column":8},"end":{"line":102,"column":8}}]}}},"/Users/matthewshepard/nscdev/cheesefist/lib/buildUrl.js":{"path":"/Users/matthewshepard/nscdev/cheesefist/lib/buildUrl.js","s":{"1":1,"2":1,"3":0,"4":0,"5":0,"6":0,"7":0,"8":0,"9":0,"10":0,"11":0,"12":0,"13":1,"14":5,"15":5,"16":1,"17":0,"18":1,"19":0,"20":1,"21":1,"22":0,"23":0,"24":0,"25":0,"26":0,"27":0,"28":5,"29":1},"b":{"1":[0,0],"2":[0,0,0],"3":[0,0],"4":[5,0],"5":[0,1],"6":[0,1],"7":[1,0],"8":[0,0]},"f":{"1":0,"2":5,"3":1},"fnMap":{"1":{"name":"historyLookup","line":5,"loc":{"start":{"line":5,"column":0},"end":{"line":5,"column":55}}},"2":{"name":"buildUrl","line":22,"loc":{"start":{"line":22,"column":0},"end":{"line":22,"column":39}}},"3":{"name":"(anonymous_3)","line":24,"loc":{"start":{"line":24,"column":57},"end":{"line":24,"column":86}}}},"statementMap":{"1":{"start":{"line":3,"column":0},"end":{"line":3,"column":26}},"2":{"start":{"line":5,"column":0},"end":{"line":20,"column":1}},"3":{"start":{"line":6,"column":2},"end":{"line":19,"column":3}},"4":{"start":{"line":7,"column":4},"end":{"line":7,"column":52}},"5":{"start":{"line":8,"column":4},"end":{"line":14,"column":5}},"6":{"start":{"line":9,"column":6},"end":{"line":9,"column":32}},"7":{"start":{"line":11,"column":6},"end":{"line":11,"column":63}},"8":{"start":{"line":12,"column":6},"end":{"line":12,"column":55}},"9":{"start":{"line":13,"column":6},"end":{"line":13,"column":67}},"10":{"start":{"line":16,"column":4},"end":{"line":16,"column":87}},"11":{"start":{"line":17,"column":4},"end":{"line":17,"column":54}},"12":{"start":{"line":18,"column":4},"end":{"line":18,"column":91}},"13":{"start":{"line":22,"column":0},"end":{"line":44,"column":1}},"14":{"start":{"line":23,"column":2},"end":{"line":23,"column":20}},"15":{"start":{"line":24,"column":2},"end":{"line":42,"column":5}},"16":{"start":{"line":25,"column":4},"end":{"line":27,"column":5}},"17":{"start":{"line":26,"column":6},"end":{"line":26,"column":64}},"18":{"start":{"line":28,"column":4},"end":{"line":30,"column":5}},"19":{"start":{"line":29,"column":6},"end":{"line":29,"column":38}},"20":{"start":{"line":31,"column":4},"end":{"line":33,"column":5}},"21":{"start":{"line":32,"column":6},"end":{"line":32,"column":26}},"22":{"start":{"line":34,"column":4},"end":{"line":34,"column":52}},"23":{"start":{"line":35,"column":4},"end":{"line":37,"column":5}},"24":{"start":{"line":36,"column":6},"end":{"line":36,"column":38}},"25":{"start":{"line":39,"column":4},"end":{"line":39,"column":61}},"26":{"start":{"line":40,"column":4},"end":{"line":40,"column":47}},"27":{"start":{"line":41,"column":4},"end":{"line":41,"column":65}},"28":{"start":{"line":43,"column":2},"end":{"line":43,"column":18}},"29":{"start":{"line":46,"column":0},"end":{"line":46,"column":26}}},"branchMap":{"1":{"line":6,"type":"if","locations":[{"start":{"line":6,"column":2},"end":{"line":6,"column":2}},{"start":{"line":6,"column":2},"end":{"line":6,"column":2}}]},"2":{"line":6,"type":"binary-expr","locations":[{"start":{"line":6,"column":5},"end":{"line":6,"column":29}},{"start":{"line":6,"column":33},"end":{"line":6,"column":53}},{"start":{"line":6,"column":57},"end":{"line":6,"column":95}}]},"3":{"line":8,"type":"if","locations":[{"start":{"line":8,"column":4},"end":{"line":8,"column":4}},{"start":{"line":8,"column":4},"end":{"line":8,"column":4}}]},"4":{"line":23,"type":"binary-expr","locations":[{"start":{"line":23,"column":9},"end":{"line":23,"column":13}},{"start":{"line":23,"column":17},"end":{"line":23,"column":19}}]},"5":{"line":25,"type":"if","locations":[{"start":{"line":25,"column":4},"end":{"line":25,"column":4}},{"start":{"line":25,"column":4},"end":{"line":25,"column":4}}]},"6":{"line":28,"type":"if","locations":[{"start":{"line":28,"column":4},"end":{"line":28,"column":4}},{"start":{"line":28,"column":4},"end":{"line":28,"column":4}}]},"7":{"line":31,"type":"if","locations":[{"start":{"line":31,"column":4},"end":{"line":31,"column":4}},{"start":{"line":31,"column":4},"end":{"line":31,"column":4}}]},"8":{"line":35,"type":"if","locations":[{"start":{"line":35,"column":4},"end":{"line":35,"column":4}},{"start":{"line":35,"column":4},"end":{"line":35,"column":4}}]}}},"/Users/matthewshepard/nscdev/cheesefist/lib/testSuite.js":{"path":"/Users/matthewshepard/nscdev/cheesefist/lib/testSuite.js","s":{"1":1,"2":1,"3":1,"4":1,"5":1,"6":1,"7":1,"8":1,"9":0,"10":0,"11":0,"12":0,"13":0,"14":0,"15":0,"16":0,"17":1,"18":0,"19":0,"20":0,"21":0,"22":0,"23":0,"24":0,"25":0,"26":0,"27":0,"28":0,"29":0,"30":0,"31":0,"32":0,"33":0,"34":0,"35":0,"36":0,"37":1,"38":5,"39":0,"40":5,"41":0,"42":1,"43":5,"44":5,"45":0,"46":5,"47":5,"48":0,"49":5,"50":0,"51":1,"52":0,"53":0,"54":0,"55":0,"56":1,"57":0,"58":0,"59":0,"60":0,"61":1},"b":{"1":[0,0],"2":[0,0,0],"3":[0,0],"4":[0,0],"5":[0,0],"6":[0,0],"7":[0,0],"8":[0,0],"9":[0,0],"10":[0,0],"11":[0,0],"12":[0,5],"13":[0,5],"14":[0,5],"15":[0,5],"16":[5,5],"17":[0,5],"18":[0,5],"19":[0,0],"20":[0,0]},"f":{"1":0,"2":0,"3":0,"4":0,"5":5,"6":5,"7":0,"8":0},"fnMap":{"1":{"name":"validate","line":12,"loc":{"start":{"line":12,"column":0},"end":{"line":12,"column":43}}},"2":{"name":"validateFields","line":26,"loc":{"start":{"line":26,"column":0},"end":{"line":26,"column":34}}},"3":{"name":"(anonymous_3)","line":28,"loc":{"start":{"line":28,"column":31},"end":{"line":28,"column":46}}},"4":{"name":"(anonymous_4)","line":38,"loc":{"start":{"line":38,"column":28},"end":{"line":38,"column":44}}},"5":{"name":"resultValidation","line":57,"loc":{"start":{"line":57,"column":0},"end":{"line":57,"column":41}}},"6":{"name":"testSuite","line":66,"loc":{"start":{"line":66,"column":0},"end":{"line":66,"column":29}}},"7":{"name":"createError","line":82,"loc":{"start":{"line":82,"column":0},"end":{"line":82,"column":44}}},"8":{"name":"displayError","line":89,"loc":{"start":{"line":89,"column":0},"end":{"line":89,"column":26}}}},"statementMap":{"1":{"start":{"line":3,"column":0},"end":{"line":3,"column":26}},"2":{"start":{"line":4,"column":0},"end":{"line":4,"column":27}},"3":{"start":{"line":5,"column":0},"end":{"line":5,"column":27}},"4":{"start":{"line":6,"column":0},"end":{"line":6,"column":27}},"5":{"start":{"line":7,"column":0},"end":{"line":7,"column":37}},"6":{"start":{"line":9,"column":0},"end":{"line":9,"column":29}},"7":{"start":{"line":10,"column":0},"end":{"line":10,"column":25}},"8":{"start":{"line":12,"column":0},"end":{"line":24,"column":1}},"9":{"start":{"line":13,"column":2},"end":{"line":23,"column":3}},"10":{"start":{"line":14,"column":4},"end":{"line":20,"column":5}},"11":{"start":{"line":15,"column":6},"end":{"line":15,"column":68}},"12":{"start":{"line":16,"column":10},"end":{"line":20,"column":5}},"13":{"start":{"line":17,"column":6},"end":{"line":17,"column":61}},"14":{"start":{"line":18,"column":10},"end":{"line":20,"column":5}},"15":{"start":{"line":19,"column":6},"end":{"line":19,"column":45}},"16":{"start":{"line":22,"column":4},"end":{"line":22,"column":97}},"17":{"start":{"line":26,"column":0},"end":{"line":55,"column":1}},"18":{"start":{"line":27,"column":2},"end":{"line":27,"column":12}},"19":{"start":{"line":28,"column":2},"end":{"line":50,"column":5}},"20":{"start":{"line":29,"column":4},"end":{"line":29,"column":25}},"21":{"start":{"line":30,"column":4},"end":{"line":36,"column":5}},"22":{"start":{"line":31,"column":6},"end":{"line":31,"column":18}},"23":{"start":{"line":32,"column":10},"end":{"line":36,"column":5}},"24":{"start":{"line":33,"column":6},"end":{"line":33,"column":22}},"25":{"start":{"line":34,"column":6},"end":{"line":34,"column":24}},"26":{"start":{"line":35,"column":6},"end":{"line":35,"column":26}},"27":{"start":{"line":37,"column":4},"end":{"line":49,"column":5}},"28":{"start":{"line":38,"column":6},"end":{"line":44,"column":9}},"29":{"start":{"line":39,"column":8},"end":{"line":39,"column":53}},"30":{"start":{"line":41,"column":8},"end":{"line":41,"column":29}},"31":{"start":{"line":43,"column":8},"end":{"line":43,"column":26}},"32":{"start":{"line":46,"column":6},"end":{"line":46,"column":55}},"33":{"start":{"line":47,"column":6},"end":{"line":47,"column":27}},"34":{"start":{"line":48,"column":6},"end":{"line":48,"column":24}},"35":{"start":{"line":51,"column":2},"end":{"line":54,"column":3}},"36":{"start":{"line":53,"column":4},"end":{"line":53,"column":16}},"37":{"start":{"line":57,"column":0},"end":{"line":64,"column":1}},"38":{"start":{"line":58,"column":2},"end":{"line":60,"column":3}},"39":{"start":{"line":59,"column":4},"end":{"line":59,"column":39}},"40":{"start":{"line":61,"column":2},"end":{"line":63,"column":3}},"41":{"start":{"line":62,"column":4},"end":{"line":62,"column":62}},"42":{"start":{"line":66,"column":0},"end":{"line":80,"column":1}},"43":{"start":{"line":69,"column":2},"end":{"line":69,"column":73}},"44":{"start":{"line":70,"column":2},"end":{"line":72,"column":3}},"45":{"start":{"line":71,"column":4},"end":{"line":71,"column":95}},"46":{"start":{"line":73,"column":2},"end":{"line":73,"column":37}},"47":{"start":{"line":74,"column":2},"end":{"line":76,"column":3}},"48":{"start":{"line":75,"column":4},"end":{"line":75,"column":30}},"49":{"start":{"line":77,"column":2},"end":{"line":79,"column":3}},"50":{"start":{"line":78,"column":4},"end":{"line":78,"column":44}},"51":{"start":{"line":82,"column":0},"end":{"line":87,"column":1}},"52":{"start":{"line":83,"column":2},"end":{"line":83,"column":31}},"53":{"start":{"line":84,"column":2},"end":{"line":84,"column":18}},"54":{"start":{"line":85,"column":2},"end":{"line":85,"column":24}},"55":{"start":{"line":86,"column":2},"end":{"line":86,"column":13}},"56":{"start":{"line":89,"column":0},"end":{"line":96,"column":1}},"57":{"start":{"line":90,"column":2},"end":{"line":95,"column":3}},"58":{"start":{"line":91,"column":4},"end":{"line":91,"column":53}},"59":{"start":{"line":92,"column":4},"end":{"line":94,"column":5}},"60":{"start":{"line":93,"column":6},"end":{"line":93,"column":43}},"61":{"start":{"line":98,"column":0},"end":{"line":98,"column":27}}},"branchMap":{"1":{"line":14,"type":"if","locations":[{"start":{"line":14,"column":4},"end":{"line":14,"column":4}},{"start":{"line":14,"column":4},"end":{"line":14,"column":4}}]},"2":{"line":14,"type":"binary-expr","locations":[{"start":{"line":14,"column":7},"end":{"line":14,"column":10}},{"start":{"line":14,"column":14},"end":{"line":14,"column":18}},{"start":{"line":14,"column":22},"end":{"line":14,"column":27}}]},"3":{"line":16,"type":"if","locations":[{"start":{"line":16,"column":10},"end":{"line":16,"column":10}},{"start":{"line":16,"column":10},"end":{"line":16,"column":10}}]},"4":{"line":16,"type":"binary-expr","locations":[{"start":{"line":16,"column":13},"end":{"line":16,"column":16}},{"start":{"line":16,"column":20},"end":{"line":16,"column":24}}]},"5":{"line":18,"type":"if","locations":[{"start":{"line":18,"column":10},"end":{"line":18,"column":10}},{"start":{"line":18,"column":10},"end":{"line":18,"column":10}}]},"6":{"line":30,"type":"if","locations":[{"start":{"line":30,"column":4},"end":{"line":30,"column":4}},{"start":{"line":30,"column":4},"end":{"line":30,"column":4}}]},"7":{"line":32,"type":"if","locations":[{"start":{"line":32,"column":10},"end":{"line":32,"column":10}},{"start":{"line":32,"column":10},"end":{"line":32,"column":10}}]},"8":{"line":37,"type":"if","locations":[{"start":{"line":37,"column":4},"end":{"line":37,"column":4}},{"start":{"line":37,"column":4},"end":{"line":37,"column":4}}]},"9":{"line":41,"type":"binary-expr","locations":[{"start":{"line":41,"column":16},"end":{"line":41,"column":21}},{"start":{"line":41,"column":25},"end":{"line":41,"column":28}}]},"10":{"line":47,"type":"binary-expr","locations":[{"start":{"line":47,"column":14},"end":{"line":47,"column":19}},{"start":{"line":47,"column":23},"end":{"line":47,"column":26}}]},"11":{"line":51,"type":"if","locations":[{"start":{"line":51,"column":2},"end":{"line":51,"column":2}},{"start":{"line":51,"column":2},"end":{"line":51,"column":2}}]},"12":{"line":58,"type":"if","locations":[{"start":{"line":58,"column":2},"end":{"line":58,"column":2}},{"start":{"line":58,"column":2},"end":{"line":58,"column":2}}]},"13":{"line":61,"type":"if","locations":[{"start":{"line":61,"column":2},"end":{"line":61,"column":2}},{"start":{"line":61,"column":2},"end":{"line":61,"column":2}}]},"14":{"line":69,"type":"cond-expr","locations":[{"start":{"line":69,"column":51},"end":{"line":69,"column":54}},{"start":{"line":69,"column":57},"end":{"line":69,"column":72}}]},"15":{"line":70,"type":"if","locations":[{"start":{"line":70,"column":2},"end":{"line":70,"column":2}},{"start":{"line":70,"column":2},"end":{"line":70,"column":2}}]},"16":{"line":70,"type":"binary-expr","locations":[{"start":{"line":70,"column":5},"end":{"line":70,"column":15}},{"start":{"line":70,"column":19},"end":{"line":70,"column":48}}]},"17":{"line":74,"type":"if","locations":[{"start":{"line":74,"column":2},"end":{"line":74,"column":2}},{"start":{"line":74,"column":2},"end":{"line":74,"column":2}}]},"18":{"line":77,"type":"if","locations":[{"start":{"line":77,"column":2},"end":{"line":77,"column":2}},{"start":{"line":77,"column":2},"end":{"line":77,"column":2}}]},"19":{"line":90,"type":"if","locations":[{"start":{"line":90,"column":2},"end":{"line":90,"column":2}},{"start":{"line":90,"column":2},"end":{"line":90,"column":2}}]},"20":{"line":92,"type":"if","locations":[{"start":{"line":92,"column":4},"end":{"line":92,"column":4}},{"start":{"line":92,"column":4},"end":{"line":92,"column":4}}]}}},"/Users/matthewshepard/nscdev/cheesefist/lib/preparePayload.js":{"path":"/Users/matthewshepard/nscdev/cheesefist/lib/preparePayload.js","s":{"1":1,"2":1,"3":1,"4":4,"5":4,"6":4,"7":1,"8":8,"9":2},"b":{"1":[2,6]},"f":{"1":4,"2":8},"fnMap":{"1":{"name":"preparePayload","line":7,"loc":{"start":{"line":7,"column":0},"end":{"line":7,"column":42}}},"2":{"name":"resolveField","line":13,"loc":{"start":{"line":13,"column":0},"end":{"line":13,"column":65}}}},"statementMap":{"1":{"start":{"line":3,"column":0},"end":{"line":3,"column":26}},"2":{"start":{"line":5,"column":0},"end":{"line":5,"column":32}},"3":{"start":{"line":7,"column":0},"end":{"line":11,"column":1}},"4":{"start":{"line":8,"column":2},"end":{"line":8,"column":59}},"5":{"start":{"line":9,"column":2},"end":{"line":9,"column":55}},"6":{"start":{"line":10,"column":2},"end":{"line":10,"column":17}},"7":{"start":{"line":13,"column":0},"end":{"line":17,"column":1}},"8":{"start":{"line":14,"column":2},"end":{"line":16,"column":3}},"9":{"start":{"line":15,"column":4},"end":{"line":15,"column":42}}},"branchMap":{"1":{"line":14,"type":"if","locations":[{"start":{"line":14,"column":2},"end":{"line":14,"column":2}},{"start":{"line":14,"column":2},"end":{"line":14,"column":2}}]}}},"/Users/matthewshepard/nscdev/cheesefist/lib/prepareRequest.js":{"path":"/Users/matthewshepard/nscdev/cheesefist/lib/prepareRequest.js","s":{"1":1,"2":1,"3":5,"4":0,"5":0,"6":5,"7":1,"8":5,"9":0,"10":5,"11":5,"12":5,"13":1},"b":{"1":[0,5],"2":[1,4],"3":[0,5],"4":[5,0]},"f":{"1":5},"fnMap":{"1":{"name":"prepareRequest","line":6,"loc":{"start":{"line":6,"column":0},"end":{"line":6,"column":32}}}},"statementMap":{"1":{"start":{"line":3,"column":0},"end":{"line":3,"column":26}},"2":{"start":{"line":6,"column":0},"end":{"line":34,"column":1}},"3":{"start":{"line":7,"column":2},"end":{"line":17,"column":3}},"4":{"start":{"line":8,"column":4},"end":{"line":8,"column":30}},"5":{"start":{"line":10,"column":4},"end":{"line":16,"column":6}},"6":{"start":{"line":18,"column":2},"end":{"line":20,"column":3}},"7":{"start":{"line":19,"column":4},"end":{"line":19,"column":27}},"8":{"start":{"line":24,"column":2},"end":{"line":32,"column":3}},"9":{"start":{"line":25,"column":4},"end":{"line":27,"column":6}},"10":{"start":{"line":28,"column":8},"end":{"line":32,"column":3}},"11":{"start":{"line":29,"column":4},"end":{"line":31,"column":6}},"12":{"start":{"line":33,"column":2},"end":{"line":33,"column":17}},"13":{"start":{"line":36,"column":0},"end":{"line":36,"column":32}}},"branchMap":{"1":{"line":7,"type":"if","locations":[{"start":{"line":7,"column":2},"end":{"line":7,"column":2}},{"start":{"line":7,"column":2},"end":{"line":7,"column":2}}]},"2":{"line":18,"type":"if","locations":[{"start":{"line":18,"column":2},"end":{"line":18,"column":2}},{"start":{"line":18,"column":2},"end":{"line":18,"column":2}}]},"3":{"line":24,"type":"if","locations":[{"start":{"line":24,"column":2},"end":{"line":24,"column":2}},{"start":{"line":24,"column":2},"end":{"line":24,"column":2}}]},"4":{"line":28,"type":"if","locations":[{"start":{"line":28,"column":8},"end":{"line":28,"column":8}},{"start":{"line":28,"column":8},"end":{"line":28,"column":8}}]}}}}