TN:
SF:/Users/matthewshepard/nscdev/cheesefist/index.js
FN:8,defaultWrapper
FN:10,(anonymous_2)
FN:15,prepareArgs
FN:24,startTests
FN:29,(anonymous_5)
FNF:5
FNH:3
FNDA:0,defaultWrapper
FNDA:0,(anonymous_2)
FNDA:4,prepareArgs
FNDA:1,startTests
FNDA:4,(anonymous_5)
DA:3,1
DA:4,1
DA:5,1
DA:6,1
DA:8,1
DA:9,0
DA:10,0
DA:11,0
DA:15,1
DA:16,4
DA:17,0
DA:18,4
DA:19,0
DA:21,4
DA:24,1
DA:25,1
DA:26,0
DA:28,1
DA:29,1
DA:30,4
DA:32,0
DA:33,0
DA:37,1
LF:23
LH:15
BRDA:16,1,0,0
BRDA:16,1,1,4
BRDA:18,2,0,0
BRDA:18,2,1,4
BRDA:25,3,0,0
BRDA:25,3,1,1
BRDA:28,4,0,1
BRDA:28,4,1,0
BRDA:32,5,0,0
BRDA:32,5,1,0
BRF:10
BRH:4
end_of_record
TN:
SF:/Users/matthewshepard/nscdev/cheesefist/lib/testRunner.js
FN:17,createHistory
FN:30,(anonymous_2)
FN:41,runTest
FN:42,(anonymous_4)
FN:54,(anonymous_5)
FN:74,test
FN:76,(anonymous_7)
FN:79,(anonymous_8)
FN:86,testRunner
FN:87,(anonymous_10)
FN:91,(anonymous_11)
FN:99,(anonymous_12)
FNF:12
FNH:8
FNDA:5,createHistory
FNDA:0,(anonymous_2)
FNDA:5,runTest
FNDA:5,(anonymous_4)
FNDA:5,(anonymous_5)
FNDA:5,test
FNDA:5,(anonymous_7)
FNDA:0,(anonymous_8)
FNDA:5,testRunner
FNDA:5,(anonymous_10)
FNDA:0,(anonymous_11)
FNDA:0,(anonymous_12)
DA:3,1
DA:4,1
DA:5,1
DA:6,1
DA:7,1
DA:8,1
DA:9,1
DA:10,1
DA:11,1
DA:13,1
DA:14,1
DA:17,1
DA:18,5
DA:19,5
DA:23,5
DA:24,1
DA:25,1
DA:26,4
DA:27,4
DA:29,5
DA:30,0
DA:31,0
DA:33,5
DA:34,5
DA:36,0
DA:38,5
DA:41,1
DA:42,5
DA:43,5
DA:44,5
DA:51,5
DA:52,4
DA:54,5
DA:55,5
DA:56,5
DA:57,5
DA:59,5
DA:61,0
DA:62,0
DA:63,0
DA:64,0
DA:66,0
DA:67,0
DA:68,0
DA:74,1
DA:75,5
DA:77,5
DA:80,0
DA:81,0
DA:83,5
DA:86,1
DA:87,5
DA:88,5
DA:93,0
DA:94,0
DA:95,0
DA:96,0
DA:98,5
DA:99,0
DA:100,0
DA:102,5
DA:103,1
DA:107,1
LF:63
LH:45
BRDA:21,1,0,5
BRDA:21,1,1,4
BRDA:23,2,0,1
BRDA:23,2,1,4
BRDA:26,3,0,4
BRDA:26,3,1,0
BRDA:29,4,0,0
BRDA:29,4,1,5
BRDA:33,5,0,5
BRDA:33,5,1,0
BRDA:51,6,0,4
BRDA:51,6,1,1
BRDA:56,7,0,5
BRDA:56,7,1,0
BRDA:63,8,0,0
BRDA:63,8,1,0
BRDA:98,9,0,0
BRDA:98,9,1,5
BRDA:102,10,0,1
BRDA:102,10,1,4
BRF:20
BRH:13
end_of_record
TN:
SF:/Users/matthewshepard/nscdev/cheesefist/lib/buildUrl.js
FN:5,historyLookup
FN:22,buildUrl
FN:24,(anonymous_3)
FNF:3
FNH:2
FNDA:0,historyLookup
FNDA:5,buildUrl
FNDA:1,(anonymous_3)
DA:3,1
DA:5,1
DA:6,0
DA:7,0
DA:8,0
DA:9,0
DA:11,0
DA:12,0
DA:13,0
DA:16,0
DA:17,0
DA:18,0
DA:22,1
DA:23,5
DA:24,5
DA:25,1
DA:26,0
DA:28,1
DA:29,0
DA:31,1
DA:32,1
DA:34,0
DA:35,0
DA:36,0
DA:39,0
DA:40,0
DA:41,0
DA:43,5
DA:46,1
LF:29
LH:11
BRDA:6,1,0,0
BRDA:6,1,1,0
BRDA:6,2,0,0
BRDA:6,2,1,0
BRDA:6,2,2,0
BRDA:8,3,0,0
BRDA:8,3,1,0
BRDA:23,4,0,5
BRDA:23,4,1,0
BRDA:25,5,0,0
BRDA:25,5,1,1
BRDA:28,6,0,0
BRDA:28,6,1,1
BRDA:31,7,0,1
BRDA:31,7,1,0
BRDA:35,8,0,0
BRDA:35,8,1,0
BRF:17
BRH:4
end_of_record
TN:
SF:/Users/matthewshepard/nscdev/cheesefist/lib/testSuite.js
FN:12,validate
FN:26,validateFields
FN:28,(anonymous_3)
FN:38,(anonymous_4)
FN:57,resultValidation
FN:66,testSuite
FN:82,createError
FN:89,displayError
FNF:8
FNH:2
FNDA:0,validate
FNDA:0,validateFields
FNDA:0,(anonymous_3)
FNDA:0,(anonymous_4)
FNDA:5,resultValidation
FNDA:5,testSuite
FNDA:0,createError
FNDA:0,displayError
DA:3,1
DA:4,1
DA:5,1
DA:6,1
DA:7,1
DA:9,1
DA:10,1
DA:12,1
DA:13,0
DA:14,0
DA:15,0
DA:16,0
DA:17,0
DA:18,0
DA:19,0
DA:22,0
DA:26,1
DA:27,0
DA:28,0
DA:29,0
DA:30,0
DA:31,0
DA:32,0
DA:33,0
DA:34,0
DA:35,0
DA:37,0
DA:38,0
DA:39,0
DA:41,0
DA:43,0
DA:46,0
DA:47,0
DA:48,0
DA:51,0
DA:53,0
DA:57,1
DA:58,5
DA:59,0
DA:61,5
DA:62,0
DA:66,1
DA:69,5
DA:70,5
DA:71,0
DA:73,5
DA:74,5
DA:75,0
DA:77,5
DA:78,0
DA:82,1
DA:83,0
DA:84,0
DA:85,0
DA:86,0
DA:89,1
DA:90,0
DA:91,0
DA:92,0
DA:93,0
DA:98,1
LF:61
LH:21
BRDA:14,1,0,0
BRDA:14,1,1,0
BRDA:14,2,0,0
BRDA:14,2,1,0
BRDA:14,2,2,0
BRDA:16,3,0,0
BRDA:16,3,1,0
BRDA:16,4,0,0
BRDA:16,4,1,0
BRDA:18,5,0,0
BRDA:18,5,1,0
BRDA:30,6,0,0
BRDA:30,6,1,0
BRDA:32,7,0,0
BRDA:32,7,1,0
BRDA:37,8,0,0
BRDA:37,8,1,0
BRDA:41,9,0,0
BRDA:41,9,1,0
BRDA:47,10,0,0
BRDA:47,10,1,0
BRDA:51,11,0,0
BRDA:51,11,1,0
BRDA:58,12,0,0
BRDA:58,12,1,5
BRDA:61,13,0,0
BRDA:61,13,1,5
BRDA:69,14,0,0
BRDA:69,14,1,5
BRDA:70,15,0,0
BRDA:70,15,1,5
BRDA:70,16,0,5
BRDA:70,16,1,5
BRDA:74,17,0,0
BRDA:74,17,1,5
BRDA:77,18,0,0
BRDA:77,18,1,5
BRDA:90,19,0,0
BRDA:90,19,1,0
BRDA:92,20,0,0
BRDA:92,20,1,0
BRF:41
BRH:8
end_of_record
TN:
SF:/Users/matthewshepard/nscdev/cheesefist/lib/preparePayload.js
FN:7,preparePayload
FN:13,resolveField
FNF:2
FNH:2
FNDA:4,preparePayload
FNDA:8,resolveField
DA:3,1
DA:5,1
DA:7,1
DA:8,4
DA:9,4
DA:10,4
DA:13,1
DA:14,8
DA:15,2
LF:9
LH:9
BRDA:14,1,0,2
BRDA:14,1,1,6
BRF:2
BRH:2
end_of_record
TN:
SF:/Users/matthewshepard/nscdev/cheesefist/lib/prepareRequest.js
FN:6,prepareRequest
FNF:1
FNH:1
FNDA:5,prepareRequest
DA:3,1
DA:6,1
DA:7,5
DA:8,0
DA:10,0
DA:18,5
DA:19,1
DA:24,5
DA:25,0
DA:28,5
DA:29,5
DA:33,5
DA:36,1
LF:13
LH:10
BRDA:7,1,0,0
BRDA:7,1,1,5
BRDA:18,2,0,1
BRDA:18,2,1,4
BRDA:24,3,0,0
BRDA:24,3,1,5
BRDA:28,4,0,5
BRDA:28,4,1,0
BRF:8
BRH:5
end_of_record
